<?xml version="1.0" encoding="UTF-8"?>
<!-- Generated by org.testng.reporters.JUnitReportReporter -->
<testsuite hostname="Admin-PC" failures="0" tests="2" name="com.practice.scripts.Demo1_Test" time="61.175" errors="0" timestamp="2022-08-22T17:32:53 IST" skipped="0">
  <testcase classname="com.practice.scripts.Demo1_Test" name="testCase2" time="5.225"/>
  <system-out/>
  <testcase classname="com.practice.scripts.Demo1_Test" name="testCase1" time="55.950"/>
  <system-out/>
</testsuite> <!-- com.practice.scripts.Demo1_Test -->
