<?xml version="1.0" encoding="UTF-8"?>
<!-- Generated by org.testng.reporters.JUnitReportReporter -->
<testsuite hostname="Admin-PC" failures="0" tests="2" name="com.practice.scripts.Demo2_Test" time="115.517" errors="0" timestamp="2022-08-22T17:32:53 IST" skipped="0">
  <testcase classname="com.practice.scripts.Demo2_Test" name="testCase1" time="106.951"/>
  <system-out/>
  <testcase classname="com.practice.scripts.Demo2_Test" name="testCase2" time="8.566"/>
  <system-out/>
</testsuite> <!-- com.practice.scripts.Demo2_Test -->
